2018-09-21 log.py[line:146] Scrapy 1.5.1 started (bot: Hupu)
2018-09-21 log.py[line:149] Versions: lxml 4.2.1.0, libxml2 2.9.8, cssselect 1.0.3, parsel 1.5.0, w3lib 1.19.0, Twisted 18.7.0, Python 3.6.5 |Anaconda, Inc.| (default, Apr 29 2018, 16:14:56) - [GCC 7.2.0], pyOpenSSL 18.0.0 (OpenSSL 1.0.2o  27 Mar 2018), cryptography 2.2.2, Platform Linux-4.15.0-34-generic-x86_64-with-debian-stretch-sid
2018-09-21 crawler.py[line:38] Overridden settings: {'BOT_NAME': 'Hupu', 'NEWSPIDER_MODULE': 'Hupu.spiders', 'ROBOTSTXT_OBEY': True, 'SPIDER_MODULES': ['Hupu.spiders']}
2018-09-21 middleware.py[line:53] Enabled extensions:
['scrapy.extensions.corestats.CoreStats',
 'scrapy.extensions.telnet.TelnetConsole',
 'scrapy.extensions.memusage.MemoryUsage',
 'scrapy.extensions.logstats.LogStats']
2018-09-21 middleware.py[line:53] Enabled downloader middlewares:
['scrapy.downloadermiddlewares.robotstxt.RobotsTxtMiddleware',
 'scrapy.downloadermiddlewares.httpauth.HttpAuthMiddleware',
 'scrapy.downloadermiddlewares.downloadtimeout.DownloadTimeoutMiddleware',
 'scrapy.downloadermiddlewares.defaultheaders.DefaultHeadersMiddleware',
 'scrapy.downloadermiddlewares.useragent.UserAgentMiddleware',
 'scrapy.downloadermiddlewares.retry.RetryMiddleware',
 'scrapy.downloadermiddlewares.redirect.MetaRefreshMiddleware',
 'scrapy.downloadermiddlewares.httpcompression.HttpCompressionMiddleware',
 'scrapy.downloadermiddlewares.redirect.RedirectMiddleware',
 'scrapy.downloadermiddlewares.cookies.CookiesMiddleware',
 'scrapy.downloadermiddlewares.httpproxy.HttpProxyMiddleware',
 'scrapy.downloadermiddlewares.stats.DownloaderStats']
2018-09-21 middleware.py[line:53] Enabled spider middlewares:
['scrapy.spidermiddlewares.httperror.HttpErrorMiddleware',
 'scrapy.spidermiddlewares.offsite.OffsiteMiddleware',
 'scrapy.spidermiddlewares.referer.RefererMiddleware',
 'scrapy.spidermiddlewares.urllength.UrlLengthMiddleware',
 'scrapy.spidermiddlewares.depth.DepthMiddleware']
2018-09-21 middleware.py[line:53] Enabled item pipelines:
[]
2018-09-21 engine.py[line:256] Spider opened
2018-09-21 logstats.py[line:48] Crawled 0 pages (at 0 pages/min), scraped 0 items (at 0 items/min)
2018-09-21 telnet.py[line:60] Telnet console listening on 127.0.0.1:6023
2018-09-21 engine.py[line:238] Crawled (200) <GET https://bbs.hupu.com/robots.txt> (referer: None)
2018-09-21 engine.py[line:238] Crawled (200) <GET https://bbs.hupu.com/bxj/highlights-1> (referer: None)
2018-09-21 warnings.py[line:99] /home/lv/program/pycharm-2018.2.3/helpers/pydev/_pydevd_bundle/pydevd_resolver.py:166: ScrapyDeprecationWarning: Attribute `_root` is deprecated, use `root` instead
  attr = getattr(var, n)

2018-09-21 warnings.py[line:99] /home/lv/program/pycharm-2018.2.3/helpers/pydev/_pydevd_bundle/pydevd_resolver.py:71: ScrapyDeprecationWarning: Attribute `_root` is deprecated, use `root` instead
  return getattr(var, attribute)

2018-09-21 crawler.py[line:258] Received SIGINT, shutting down gracefully. Send again to force 
2018-09-21 log.py[line:146] Scrapy 1.5.1 started (bot: Hupu)
2018-09-21 log.py[line:149] Versions: lxml 4.2.1.0, libxml2 2.9.8, cssselect 1.0.3, parsel 1.5.0, w3lib 1.19.0, Twisted 18.7.0, Python 3.6.5 |Anaconda, Inc.| (default, Apr 29 2018, 16:14:56) - [GCC 7.2.0], pyOpenSSL 18.0.0 (OpenSSL 1.0.2o  27 Mar 2018), cryptography 2.2.2, Platform Linux-4.15.0-34-generic-x86_64-with-debian-stretch-sid
2018-09-21 crawler.py[line:38] Overridden settings: {'BOT_NAME': 'Hupu', 'NEWSPIDER_MODULE': 'Hupu.spiders', 'ROBOTSTXT_OBEY': True, 'SPIDER_MODULES': ['Hupu.spiders']}
2018-09-21 middleware.py[line:53] Enabled extensions:
['scrapy.extensions.corestats.CoreStats',
 'scrapy.extensions.telnet.TelnetConsole',
 'scrapy.extensions.memusage.MemoryUsage',
 'scrapy.extensions.logstats.LogStats']
2018-09-21 middleware.py[line:53] Enabled downloader middlewares:
['scrapy.downloadermiddlewares.robotstxt.RobotsTxtMiddleware',
 'scrapy.downloadermiddlewares.httpauth.HttpAuthMiddleware',
 'scrapy.downloadermiddlewares.downloadtimeout.DownloadTimeoutMiddleware',
 'scrapy.downloadermiddlewares.defaultheaders.DefaultHeadersMiddleware',
 'scrapy.downloadermiddlewares.useragent.UserAgentMiddleware',
 'scrapy.downloadermiddlewares.retry.RetryMiddleware',
 'scrapy.downloadermiddlewares.redirect.MetaRefreshMiddleware',
 'scrapy.downloadermiddlewares.httpcompression.HttpCompressionMiddleware',
 'scrapy.downloadermiddlewares.redirect.RedirectMiddleware',
 'scrapy.downloadermiddlewares.cookies.CookiesMiddleware',
 'scrapy.downloadermiddlewares.httpproxy.HttpProxyMiddleware',
 'scrapy.downloadermiddlewares.stats.DownloaderStats']
2018-09-21 middleware.py[line:53] Enabled spider middlewares:
['scrapy.spidermiddlewares.httperror.HttpErrorMiddleware',
 'scrapy.spidermiddlewares.offsite.OffsiteMiddleware',
 'scrapy.spidermiddlewares.referer.RefererMiddleware',
 'scrapy.spidermiddlewares.urllength.UrlLengthMiddleware',
 'scrapy.spidermiddlewares.depth.DepthMiddleware']
2018-09-21 middleware.py[line:53] Enabled item pipelines:
[]
2018-09-21 engine.py[line:256] Spider opened
2018-09-21 logstats.py[line:48] Crawled 0 pages (at 0 pages/min), scraped 0 items (at 0 items/min)
2018-09-21 telnet.py[line:60] Telnet console listening on 127.0.0.1:6023
2018-09-21 engine.py[line:238] Crawled (200) <GET https://bbs.hupu.com/robots.txt> (referer: None)
2018-09-21 engine.py[line:238] Crawled (200) <GET https://bbs.hupu.com/bxj/highlights-1> (referer: None)
2018-09-21 warnings.py[line:99] /home/lv/program/pycharm-2018.2.3/helpers/pydev/_pydevd_bundle/pydevd_resolver.py:166: ScrapyDeprecationWarning: Attribute `_root` is deprecated, use `root` instead
  attr = getattr(var, n)

2018-09-21 engine.py[line:238] Crawled (200) <GET https://bbs.hupu.com/bxj/highlights-2> (referer: None)
2018-09-21 logstats.py[line:48] Crawled 3 pages (at 3 pages/min), scraped 0 items (at 0 items/min)
2018-09-21 engine.py[line:295] Closing spider (finished)
2018-09-21 statscollectors.py[line:47] Dumping Scrapy stats:
{'downloader/request_bytes': 675,
 'downloader/request_count': 3,
 'downloader/request_method_count/GET': 3,
 'downloader/response_bytes': 24645,
 'downloader/response_count': 3,
 'downloader/response_status_count/200': 3,
 'finish_reason': 'finished',
 'finish_time': datetime.datetime(2018, 9, 21, 3, 18, 32, 939097),
 'log_count/DEBUG': 4,
 'log_count/INFO': 8,
 'log_count/WARNING': 1,
 'memusage/max': 1222713344,
 'memusage/startup': 1222713344,
 'response_received_count': 3,
 'scheduler/dequeued': 2,
 'scheduler/dequeued/memory': 2,
 'scheduler/enqueued': 2,
 'scheduler/enqueued/memory': 2,
 'start_time': datetime.datetime(2018, 9, 21, 2, 58, 4, 233756)}
2018-09-21 engine.py[line:326] Spider closed (finished)
2018-09-21 log.py[line:146] Scrapy 1.5.1 started (bot: Hupu)
2018-09-21 log.py[line:149] Versions: lxml 4.2.1.0, libxml2 2.9.8, cssselect 1.0.3, parsel 1.5.0, w3lib 1.19.0, Twisted 18.7.0, Python 3.6.5 |Anaconda, Inc.| (default, Apr 29 2018, 16:14:56) - [GCC 7.2.0], pyOpenSSL 18.0.0 (OpenSSL 1.0.2o  27 Mar 2018), cryptography 2.2.2, Platform Linux-4.15.0-34-generic-x86_64-with-debian-stretch-sid
2018-09-21 crawler.py[line:38] Overridden settings: {'BOT_NAME': 'Hupu', 'NEWSPIDER_MODULE': 'Hupu.spiders', 'ROBOTSTXT_OBEY': True, 'SPIDER_MODULES': ['Hupu.spiders']}
2018-09-21 middleware.py[line:53] Enabled extensions:
['scrapy.extensions.corestats.CoreStats',
 'scrapy.extensions.telnet.TelnetConsole',
 'scrapy.extensions.memusage.MemoryUsage',
 'scrapy.extensions.logstats.LogStats']
2018-09-21 middleware.py[line:53] Enabled downloader middlewares:
['scrapy.downloadermiddlewares.robotstxt.RobotsTxtMiddleware',
 'scrapy.downloadermiddlewares.httpauth.HttpAuthMiddleware',
 'scrapy.downloadermiddlewares.downloadtimeout.DownloadTimeoutMiddleware',
 'scrapy.downloadermiddlewares.defaultheaders.DefaultHeadersMiddleware',
 'scrapy.downloadermiddlewares.useragent.UserAgentMiddleware',
 'scrapy.downloadermiddlewares.retry.RetryMiddleware',
 'scrapy.downloadermiddlewares.redirect.MetaRefreshMiddleware',
 'scrapy.downloadermiddlewares.httpcompression.HttpCompressionMiddleware',
 'scrapy.downloadermiddlewares.redirect.RedirectMiddleware',
 'scrapy.downloadermiddlewares.cookies.CookiesMiddleware',
 'scrapy.downloadermiddlewares.httpproxy.HttpProxyMiddleware',
 'scrapy.downloadermiddlewares.stats.DownloaderStats']
2018-09-21 middleware.py[line:53] Enabled spider middlewares:
['scrapy.spidermiddlewares.httperror.HttpErrorMiddleware',
 'scrapy.spidermiddlewares.offsite.OffsiteMiddleware',
 'scrapy.spidermiddlewares.referer.RefererMiddleware',
 'scrapy.spidermiddlewares.urllength.UrlLengthMiddleware',
 'scrapy.spidermiddlewares.depth.DepthMiddleware']
2018-09-21 middleware.py[line:53] Enabled item pipelines:
[]
2018-09-21 engine.py[line:256] Spider opened
2018-09-21 logstats.py[line:48] Crawled 0 pages (at 0 pages/min), scraped 0 items (at 0 items/min)
2018-09-21 telnet.py[line:60] Telnet console listening on 127.0.0.1:6023
2018-09-21 engine.py[line:238] Crawled (200) <GET https://bbs.hupu.com/robots.txt> (referer: None)
2018-09-21 engine.py[line:238] Crawled (200) <GET https://bbs.hupu.com/bxj/highlights-1> (referer: None)
2018-09-21 engine.py[line:238] Crawled (200) <GET https://bbs.hupu.com/bxj/highlights-2> (referer: None)
2018-09-21 __init__.py[line:47] save file: hupu-1.html
2018-09-21 __init__.py[line:47] save file: hupu-2.html
2018-09-21 engine.py[line:238] Crawled (200) <GET https://bbs.hupu.com/bxj/highlights-3> (referer: None)
2018-09-21 engine.py[line:238] Crawled (200) <GET https://bbs.hupu.com/bxj/highlights-8> (referer: None)
2018-09-21 __init__.py[line:47] save file: hupu-3.html
2018-09-21 engine.py[line:238] Crawled (200) <GET https://bbs.hupu.com/bxj/highlights-7> (referer: None)
2018-09-21 engine.py[line:238] Crawled (200) <GET https://bbs.hupu.com/bxj/highlights-5> (referer: None)
2018-09-21 engine.py[line:238] Crawled (200) <GET https://bbs.hupu.com/bxj/highlights-4> (referer: None)
2018-09-21 engine.py[line:238] Crawled (200) <GET https://bbs.hupu.com/bxj/highlights-9> (referer: None)
2018-09-21 __init__.py[line:47] save file: hupu-8.html
2018-09-21 engine.py[line:238] Crawled (200) <GET https://bbs.hupu.com/bxj/highlights-10> (referer: None)
2018-09-21 __init__.py[line:47] save file: hupu-7.html
2018-09-21 __init__.py[line:47] save file: hupu-5.html
2018-09-21 __init__.py[line:47] save file: hupu-4.html
2018-09-21 __init__.py[line:47] save file: hupu-9.html
2018-09-21 __init__.py[line:47] save file: hupu-10.html
2018-09-21 engine.py[line:238] Crawled (200) <GET https://bbs.hupu.com/bxj/highlights-11> (referer: None)
2018-09-21 engine.py[line:238] Crawled (200) <GET https://bbs.hupu.com/bxj/highlights-12> (referer: None)
2018-09-21 __init__.py[line:47] save file: hupu-11.html
2018-09-21 engine.py[line:238] Crawled (200) <GET https://bbs.hupu.com/bxj/highlights-13> (referer: None)
2018-09-21 engine.py[line:238] Crawled (200) <GET https://bbs.hupu.com/bxj/highlights-18> (referer: None)
2018-09-21 __init__.py[line:47] save file: hupu-12.html
2018-09-21 engine.py[line:238] Crawled (200) <GET https://bbs.hupu.com/bxj/highlights-15> (referer: None)
2018-09-21 __init__.py[line:47] save file: hupu-13.html
2018-09-21 engine.py[line:238] Crawled (200) <GET https://bbs.hupu.com/bxj/highlights-14> (referer: None)
2018-09-21 engine.py[line:238] Crawled (200) <GET https://bbs.hupu.com/bxj/highlights-17> (referer: None)
2018-09-21 __init__.py[line:47] save file: hupu-18.html
2018-09-21 engine.py[line:238] Crawled (200) <GET https://bbs.hupu.com/bxj/highlights-16> (referer: None)
2018-09-21 __init__.py[line:47] save file: hupu-15.html
2018-09-21 __init__.py[line:47] save file: hupu-14.html
2018-09-21 __init__.py[line:47] save file: hupu-17.html
2018-09-21 __init__.py[line:47] save file: hupu-16.html
2018-09-21 engine.py[line:238] Crawled (200) <GET https://bbs.hupu.com/bxj/highlights-19> (referer: None)
2018-09-21 engine.py[line:238] Crawled (200) <GET https://bbs.hupu.com/bxj/highlights-20> (referer: None)
2018-09-21 engine.py[line:238] Crawled (200) <GET https://bbs.hupu.com/bxj/highlights-21> (referer: None)
2018-09-21 engine.py[line:238] Crawled (200) <GET https://bbs.hupu.com/bxj/highlights-6> (referer: None)
2018-09-21 __init__.py[line:47] save file: hupu-19.html
2018-09-21 __init__.py[line:47] save file: hupu-20.html
2018-09-21 __init__.py[line:47] save file: hupu-21.html
2018-09-21 engine.py[line:238] Crawled (200) <GET https://bbs.hupu.com/bxj/highlights-22> (referer: None)
2018-09-21 engine.py[line:238] Crawled (200) <GET https://bbs.hupu.com/bxj/highlights-23> (referer: None)
2018-09-21 __init__.py[line:47] save file: hupu-6.html
2018-09-21 __init__.py[line:47] save file: hupu-22.html
2018-09-21 __init__.py[line:47] save file: hupu-23.html
2018-09-21 engine.py[line:238] Crawled (200) <GET https://bbs.hupu.com/bxj/highlights-25> (referer: None)
2018-09-21 engine.py[line:238] Crawled (200) <GET https://bbs.hupu.com/bxj/highlights-26> (referer: None)
2018-09-21 engine.py[line:238] Crawled (200) <GET https://bbs.hupu.com/bxj/highlights-24> (referer: None)
2018-09-21 engine.py[line:238] Crawled (200) <GET https://bbs.hupu.com/bxj/highlights-28> (referer: None)
2018-09-21 __init__.py[line:47] save file: hupu-25.html
2018-09-21 engine.py[line:238] Crawled (200) <GET https://bbs.hupu.com/bxj/highlights-29> (referer: None)
2018-09-21 engine.py[line:238] Crawled (200) <GET https://bbs.hupu.com/bxj/highlights-27> (referer: None)
2018-09-21 __init__.py[line:47] save file: hupu-26.html
2018-09-21 __init__.py[line:47] save file: hupu-24.html
2018-09-21 __init__.py[line:47] save file: hupu-28.html
2018-09-21 engine.py[line:238] Crawled (200) <GET https://bbs.hupu.com/bxj/highlights-30> (referer: None)
2018-09-21 __init__.py[line:47] save file: hupu-29.html
2018-09-21 __init__.py[line:47] save file: hupu-27.html
2018-09-21 __init__.py[line:47] save file: hupu-30.html
2018-09-21 engine.py[line:238] Crawled (200) <GET https://bbs.hupu.com/bxj/highlights-32> (referer: None)
2018-09-21 engine.py[line:238] Crawled (200) <GET https://bbs.hupu.com/bxj/highlights-31> (referer: None)
2018-09-21 __init__.py[line:47] save file: hupu-32.html
2018-09-21 engine.py[line:238] Crawled (200) <GET https://bbs.hupu.com/bxj/highlights-33> (referer: None)
2018-09-21 __init__.py[line:47] save file: hupu-31.html
2018-09-21 engine.py[line:238] Crawled (200) <GET https://bbs.hupu.com/bxj/highlights-34> (referer: None)
2018-09-21 __init__.py[line:47] save file: hupu-33.html
2018-09-21 engine.py[line:238] Crawled (200) <GET https://bbs.hupu.com/bxj/highlights-35> (referer: None)
2018-09-21 engine.py[line:238] Crawled (200) <GET https://bbs.hupu.com/bxj/highlights-37> (referer: None)
2018-09-21 engine.py[line:238] Crawled (200) <GET https://bbs.hupu.com/bxj/highlights-38> (referer: None)
2018-09-21 engine.py[line:238] Crawled (200) <GET https://bbs.hupu.com/bxj/highlights-36> (referer: None)
2018-09-21 __init__.py[line:47] save file: hupu-34.html
2018-09-21 __init__.py[line:47] save file: hupu-35.html
2018-09-21 __init__.py[line:47] save file: hupu-37.html
2018-09-21 __init__.py[line:47] save file: hupu-38.html
2018-09-21 __init__.py[line:47] save file: hupu-36.html
2018-09-21 engine.py[line:238] Crawled (200) <GET https://bbs.hupu.com/bxj/highlights-39> (referer: None)
2018-09-21 __init__.py[line:47] save file: hupu-39.html
2018-09-21 engine.py[line:238] Crawled (200) <GET https://bbs.hupu.com/bxj/highlights-40> (referer: None)
2018-09-21 engine.py[line:238] Crawled (200) <GET https://bbs.hupu.com/bxj/highlights-42> (referer: None)
2018-09-21 engine.py[line:238] Crawled (200) <GET https://bbs.hupu.com/bxj/highlights-41> (referer: None)
2018-09-21 engine.py[line:238] Crawled (200) <GET https://bbs.hupu.com/bxj/highlights-43> (referer: None)
2018-09-21 engine.py[line:238] Crawled (200) <GET https://bbs.hupu.com/bxj/highlights-44> (referer: None)
2018-09-21 __init__.py[line:47] save file: hupu-40.html
2018-09-21 engine.py[line:238] Crawled (200) <GET https://bbs.hupu.com/bxj/highlights-46> (referer: None)
2018-09-21 __init__.py[line:47] save file: hupu-42.html
2018-09-21 engine.py[line:238] Crawled (200) <GET https://bbs.hupu.com/bxj/highlights-45> (referer: None)
2018-09-21 engine.py[line:238] Crawled (200) <GET https://bbs.hupu.com/bxj/highlights-47> (referer: None)
2018-09-21 __init__.py[line:47] save file: hupu-41.html
2018-09-21 __init__.py[line:47] save file: hupu-43.html
2018-09-21 __init__.py[line:47] save file: hupu-44.html
2018-09-21 __init__.py[line:47] save file: hupu-46.html
2018-09-21 __init__.py[line:47] save file: hupu-45.html
2018-09-21 __init__.py[line:47] save file: hupu-47.html
2018-09-21 engine.py[line:238] Crawled (200) <GET https://bbs.hupu.com/bxj/highlights-48> (referer: None)
2018-09-21 engine.py[line:238] Crawled (200) <GET https://bbs.hupu.com/bxj/highlights-49> (referer: None)
2018-09-21 __init__.py[line:47] save file: hupu-48.html
2018-09-21 engine.py[line:238] Crawled (200) <GET https://bbs.hupu.com/bxj/highlights-51> (referer: None)
2018-09-21 __init__.py[line:47] save file: hupu-49.html
2018-09-21 engine.py[line:238] Crawled (200) <GET https://bbs.hupu.com/bxj/highlights-50> (referer: None)
2018-09-21 __init__.py[line:47] save file: hupu-51.html
2018-09-21 engine.py[line:238] Crawled (200) <GET https://bbs.hupu.com/bxj/highlights-52> (referer: None)
2018-09-21 engine.py[line:238] Crawled (200) <GET https://bbs.hupu.com/bxj/highlights-54> (referer: None)
2018-09-21 engine.py[line:238] Crawled (200) <GET https://bbs.hupu.com/bxj/highlights-53> (referer: None)
2018-09-21 engine.py[line:238] Crawled (200) <GET https://bbs.hupu.com/bxj/highlights-55> (referer: None)
2018-09-21 __init__.py[line:47] save file: hupu-50.html
2018-09-21 __init__.py[line:47] save file: hupu-52.html
2018-09-21 __init__.py[line:47] save file: hupu-54.html
2018-09-21 __init__.py[line:47] save file: hupu-53.html
2018-09-21 __init__.py[line:47] save file: hupu-55.html
2018-09-21 engine.py[line:238] Crawled (200) <GET https://bbs.hupu.com/bxj/highlights-57> (referer: None)
2018-09-21 engine.py[line:238] Crawled (200) <GET https://bbs.hupu.com/bxj/highlights-58> (referer: None)
2018-09-21 engine.py[line:238] Crawled (200) <GET https://bbs.hupu.com/bxj/highlights-56> (referer: None)
2018-09-21 __init__.py[line:47] save file: hupu-57.html
2018-09-21 __init__.py[line:47] save file: hupu-58.html
2018-09-21 engine.py[line:238] Crawled (200) <GET https://bbs.hupu.com/bxj/highlights-60> (referer: None)
2018-09-21 engine.py[line:238] Crawled (200) <GET https://bbs.hupu.com/bxj/highlights-59> (referer: None)
2018-09-21 engine.py[line:238] Crawled (200) <GET https://bbs.hupu.com/bxj/highlights-62> (referer: None)
2018-09-21 __init__.py[line:47] save file: hupu-56.html
2018-09-21 __init__.py[line:47] save file: hupu-60.html
2018-09-21 engine.py[line:238] Crawled (200) <GET https://bbs.hupu.com/bxj/highlights-63> (referer: None)
2018-09-21 __init__.py[line:47] save file: hupu-59.html
2018-09-21 __init__.py[line:47] save file: hupu-62.html
2018-09-21 engine.py[line:238] Crawled (200) <GET https://bbs.hupu.com/bxj/highlights-61> (referer: None)
2018-09-21 __init__.py[line:47] save file: hupu-63.html
2018-09-21 engine.py[line:238] Crawled (200) <GET https://bbs.hupu.com/bxj/highlights-64> (referer: None)
2018-09-21 engine.py[line:238] Crawled (200) <GET https://bbs.hupu.com/bxj/highlights-65> (referer: None)
2018-09-21 __init__.py[line:47] save file: hupu-61.html
2018-09-21 engine.py[line:238] Crawled (200) <GET https://bbs.hupu.com/bxj/highlights-71> (referer: None)
2018-09-21 engine.py[line:238] Crawled (200) <GET https://bbs.hupu.com/bxj/highlights-66> (referer: None)
2018-09-21 __init__.py[line:47] save file: hupu-64.html
2018-09-21 __init__.py[line:47] save file: hupu-65.html
2018-09-21 engine.py[line:238] Crawled (200) <GET https://bbs.hupu.com/bxj/highlights-67> (referer: None)
2018-09-21 engine.py[line:238] Crawled (200) <GET https://bbs.hupu.com/bxj/highlights-68> (referer: None)
2018-09-21 __init__.py[line:47] save file: hupu-71.html
2018-09-21 engine.py[line:238] Crawled (200) <GET https://bbs.hupu.com/bxj/highlights-69> (referer: None)
2018-09-21 __init__.py[line:47] save file: hupu-66.html
2018-09-21 engine.py[line:238] Crawled (200) <GET https://bbs.hupu.com/bxj/highlights-70> (referer: None)
2018-09-21 __init__.py[line:47] save file: hupu-67.html
2018-09-21 __init__.py[line:47] save file: hupu-68.html
2018-09-21 __init__.py[line:47] save file: hupu-69.html
2018-09-21 engine.py[line:238] Crawled (200) <GET https://bbs.hupu.com/bxj/highlights-72> (referer: None)
2018-09-21 __init__.py[line:47] save file: hupu-70.html
2018-09-21 engine.py[line:238] Crawled (200) <GET https://bbs.hupu.com/bxj/highlights-74> (referer: None)
2018-09-21 __init__.py[line:47] save file: hupu-72.html
2018-09-21 engine.py[line:238] Crawled (200) <GET https://bbs.hupu.com/bxj/highlights-75> (referer: None)
2018-09-21 engine.py[line:238] Crawled (200) <GET https://bbs.hupu.com/bxj/highlights-73> (referer: None)
2018-09-21 __init__.py[line:47] save file: hupu-74.html
2018-09-21 engine.py[line:238] Crawled (200) <GET https://bbs.hupu.com/bxj/highlights-76> (referer: None)
2018-09-21 engine.py[line:238] Crawled (200) <GET https://bbs.hupu.com/bxj/highlights-77> (referer: None)
2018-09-21 engine.py[line:238] Crawled (200) <GET https://bbs.hupu.com/bxj/highlights-79> (referer: None)
2018-09-21 __init__.py[line:47] save file: hupu-75.html
2018-09-21 __init__.py[line:47] save file: hupu-73.html
2018-09-21 __init__.py[line:47] save file: hupu-76.html
2018-09-21 engine.py[line:238] Crawled (200) <GET https://bbs.hupu.com/bxj/highlights-78> (referer: None)
2018-09-21 __init__.py[line:47] save file: hupu-77.html
2018-09-21 __init__.py[line:47] save file: hupu-79.html
2018-09-21 engine.py[line:238] Crawled (200) <GET https://bbs.hupu.com/bxj/highlights-80> (referer: None)
2018-09-21 __init__.py[line:47] save file: hupu-78.html
2018-09-21 engine.py[line:238] Crawled (200) <GET https://bbs.hupu.com/bxj/highlights-81> (referer: None)
2018-09-21 __init__.py[line:47] save file: hupu-80.html
2018-09-21 engine.py[line:238] Crawled (200) <GET https://bbs.hupu.com/bxj/highlights-84> (referer: None)
2018-09-21 __init__.py[line:47] save file: hupu-81.html
2018-09-21 engine.py[line:238] Crawled (200) <GET https://bbs.hupu.com/bxj/highlights-85> (referer: None)
2018-09-21 engine.py[line:238] Crawled (200) <GET https://bbs.hupu.com/bxj/highlights-82> (referer: None)
2018-09-21 __init__.py[line:47] save file: hupu-84.html
2018-09-21 engine.py[line:238] Crawled (200) <GET https://bbs.hupu.com/bxj/highlights-86> (referer: None)
2018-09-21 __init__.py[line:47] save file: hupu-85.html
2018-09-21 engine.py[line:238] Crawled (200) <GET https://bbs.hupu.com/bxj/highlights-87> (referer: None)
2018-09-21 __init__.py[line:47] save file: hupu-82.html
2018-09-21 engine.py[line:238] Crawled (200) <GET https://bbs.hupu.com/bxj/highlights-88> (referer: None)
2018-09-21 __init__.py[line:47] save file: hupu-86.html
2018-09-21 engine.py[line:238] Crawled (200) <GET https://bbs.hupu.com/bxj/highlights-83> (referer: None)
2018-09-21 __init__.py[line:47] save file: hupu-87.html
2018-09-21 engine.py[line:238] Crawled (200) <GET https://bbs.hupu.com/bxj/highlights-89> (referer: None)
2018-09-21 __init__.py[line:47] save file: hupu-88.html
2018-09-21 __init__.py[line:47] save file: hupu-83.html
2018-09-21 engine.py[line:238] Crawled (200) <GET https://bbs.hupu.com/bxj/highlights-90> (referer: None)
2018-09-21 __init__.py[line:47] save file: hupu-89.html
2018-09-21 engine.py[line:238] Crawled (200) <GET https://bbs.hupu.com/bxj/highlights-91> (referer: None)
2018-09-21 engine.py[line:238] Crawled (200) <GET https://bbs.hupu.com/bxj/highlights-92> (referer: None)
2018-09-21 __init__.py[line:47] save file: hupu-90.html
2018-09-21 engine.py[line:238] Crawled (200) <GET https://bbs.hupu.com/bxj/highlights-94> (referer: None)
2018-09-21 __init__.py[line:47] save file: hupu-91.html
2018-09-21 engine.py[line:238] Crawled (200) <GET https://bbs.hupu.com/bxj/highlights-95> (referer: None)
2018-09-21 __init__.py[line:47] save file: hupu-92.html
2018-09-21 engine.py[line:238] Crawled (200) <GET https://bbs.hupu.com/bxj/highlights-96> (referer: None)
2018-09-21 __init__.py[line:47] save file: hupu-94.html
2018-09-21 __init__.py[line:47] save file: hupu-95.html
2018-09-21 __init__.py[line:47] save file: hupu-96.html
2018-09-21 engine.py[line:238] Crawled (200) <GET https://bbs.hupu.com/bxj/highlights-97> (referer: None)
2018-09-21 engine.py[line:238] Crawled (200) <GET https://bbs.hupu.com/bxj/highlights-93> (referer: None)
2018-09-21 engine.py[line:238] Crawled (200) <GET https://bbs.hupu.com/bxj/highlights-98> (referer: None)
2018-09-21 engine.py[line:238] Crawled (200) <GET https://bbs.hupu.com/bxj/highlights-99> (referer: None)
2018-09-21 __init__.py[line:47] save file: hupu-97.html
2018-09-21 __init__.py[line:47] save file: hupu-93.html
2018-09-21 engine.py[line:238] Crawled (200) <GET https://bbs.hupu.com/bxj/highlights-100> (referer: None)
2018-09-21 __init__.py[line:47] save file: hupu-98.html
2018-09-21 __init__.py[line:47] save file: hupu-99.html
2018-09-21 __init__.py[line:47] save file: hupu-100.html
2018-09-21 engine.py[line:295] Closing spider (finished)
2018-09-21 statscollectors.py[line:47] Dumping Scrapy stats:
{'downloader/request_bytes': 23013,
 'downloader/request_count': 101,
 'downloader/request_method_count/GET': 101,
 'downloader/response_bytes': 1281984,
 'downloader/response_count': 101,
 'downloader/response_status_count/200': 101,
 'finish_reason': 'finished',
 'finish_time': datetime.datetime(2018, 9, 21, 6, 30, 16, 573456),
 'log_count/DEBUG': 202,
 'log_count/INFO': 7,
 'memusage/max': 1131474944,
 'memusage/startup': 1131474944,
 'response_received_count': 101,
 'scheduler/dequeued': 100,
 'scheduler/dequeued/memory': 100,
 'scheduler/enqueued': 100,
 'scheduler/enqueued/memory': 100,
 'start_time': datetime.datetime(2018, 9, 21, 6, 30, 9, 767611)}
2018-09-21 engine.py[line:326] Spider closed (finished)
2018-09-21 log.py[line:146] Scrapy 1.5.1 started (bot: Hupu)
2018-09-21 log.py[line:149] Versions: lxml 4.2.1.0, libxml2 2.9.8, cssselect 1.0.3, parsel 1.5.0, w3lib 1.19.0, Twisted 18.7.0, Python 3.6.5 |Anaconda, Inc.| (default, Apr 29 2018, 16:14:56) - [GCC 7.2.0], pyOpenSSL 18.0.0 (OpenSSL 1.0.2o  27 Mar 2018), cryptography 2.2.2, Platform Linux-4.15.0-34-generic-x86_64-with-debian-stretch-sid
2018-09-21 crawler.py[line:38] Overridden settings: {'BOT_NAME': 'Hupu', 'NEWSPIDER_MODULE': 'Hupu.spiders', 'ROBOTSTXT_OBEY': True, 'SPIDER_MODULES': ['Hupu.spiders']}
2018-09-21 middleware.py[line:53] Enabled extensions:
['scrapy.extensions.corestats.CoreStats',
 'scrapy.extensions.telnet.TelnetConsole',
 'scrapy.extensions.memusage.MemoryUsage',
 'scrapy.extensions.logstats.LogStats']
2018-09-21 middleware.py[line:53] Enabled downloader middlewares:
['scrapy.downloadermiddlewares.robotstxt.RobotsTxtMiddleware',
 'scrapy.downloadermiddlewares.httpauth.HttpAuthMiddleware',
 'scrapy.downloadermiddlewares.downloadtimeout.DownloadTimeoutMiddleware',
 'scrapy.downloadermiddlewares.defaultheaders.DefaultHeadersMiddleware',
 'scrapy.downloadermiddlewares.useragent.UserAgentMiddleware',
 'scrapy.downloadermiddlewares.retry.RetryMiddleware',
 'scrapy.downloadermiddlewares.redirect.MetaRefreshMiddleware',
 'scrapy.downloadermiddlewares.httpcompression.HttpCompressionMiddleware',
 'scrapy.downloadermiddlewares.redirect.RedirectMiddleware',
 'scrapy.downloadermiddlewares.cookies.CookiesMiddleware',
 'scrapy.downloadermiddlewares.httpproxy.HttpProxyMiddleware',
 'scrapy.downloadermiddlewares.stats.DownloaderStats']
2018-09-21 middleware.py[line:53] Enabled spider middlewares:
['scrapy.spidermiddlewares.httperror.HttpErrorMiddleware',
 'scrapy.spidermiddlewares.offsite.OffsiteMiddleware',
 'scrapy.spidermiddlewares.referer.RefererMiddleware',
 'scrapy.spidermiddlewares.urllength.UrlLengthMiddleware',
 'scrapy.spidermiddlewares.depth.DepthMiddleware']
2018-09-21 middleware.py[line:53] Enabled item pipelines:
[]
2018-09-21 engine.py[line:256] Spider opened
2018-09-21 logstats.py[line:48] Crawled 0 pages (at 0 pages/min), scraped 0 items (at 0 items/min)
2018-09-21 telnet.py[line:60] Telnet console listening on 127.0.0.1:6023
2018-09-21 engine.py[line:238] Crawled (200) <GET https://bbs.hupu.com/robots.txt> (referer: None)
2018-09-21 engine.py[line:238] Crawled (200) <GET https://bbs.hupu.com/bxj/highlights-1> (referer: None)
2018-09-21 __init__.py[line:47] save file: hupu_page/hupu-1.html
2018-09-21 engine.py[line:238] Crawled (200) <GET https://bbs.hupu.com/bxj/highlights-9> (referer: None)
2018-09-21 engine.py[line:238] Crawled (200) <GET https://bbs.hupu.com/bxj/highlights-3> (referer: None)
2018-09-21 engine.py[line:238] Crawled (200) <GET https://bbs.hupu.com/bxj/highlights-2> (referer: None)
2018-09-21 engine.py[line:238] Crawled (200) <GET https://bbs.hupu.com/bxj/highlights-7> (referer: None)
2018-09-21 engine.py[line:238] Crawled (200) <GET https://bbs.hupu.com/bxj/highlights-6> (referer: None)
2018-09-21 __init__.py[line:47] save file: hupu_page/hupu-9.html
2018-09-21 __init__.py[line:47] save file: hupu_page/hupu-3.html
2018-09-21 __init__.py[line:47] save file: hupu_page/hupu-2.html
2018-09-21 __init__.py[line:47] save file: hupu_page/hupu-7.html
2018-09-21 __init__.py[line:47] save file: hupu_page/hupu-6.html
2018-09-21 engine.py[line:238] Crawled (200) <GET https://bbs.hupu.com/bxj/highlights-8> (referer: None)
2018-09-21 engine.py[line:238] Crawled (200) <GET https://bbs.hupu.com/bxj/highlights-10> (referer: None)
2018-09-21 engine.py[line:238] Crawled (200) <GET https://bbs.hupu.com/bxj/highlights-4> (referer: None)
2018-09-21 engine.py[line:238] Crawled (200) <GET https://bbs.hupu.com/bxj/highlights-5> (referer: None)
2018-09-21 __init__.py[line:47] save file: hupu_page/hupu-8.html
2018-09-21 __init__.py[line:47] save file: hupu_page/hupu-10.html
2018-09-21 __init__.py[line:47] save file: hupu_page/hupu-4.html
2018-09-21 __init__.py[line:47] save file: hupu_page/hupu-5.html
2018-09-21 engine.py[line:238] Crawled (200) <GET https://bbs.hupu.com/bxj/highlights-12> (referer: None)
2018-09-21 engine.py[line:238] Crawled (200) <GET https://bbs.hupu.com/bxj/highlights-11> (referer: None)
2018-09-21 engine.py[line:238] Crawled (200) <GET https://bbs.hupu.com/bxj/highlights-13> (referer: None)
2018-09-21 engine.py[line:238] Crawled (200) <GET https://bbs.hupu.com/bxj/highlights-14> (referer: None)
2018-09-21 __init__.py[line:47] save file: hupu_page/hupu-12.html
2018-09-21 __init__.py[line:47] save file: hupu_page/hupu-11.html
2018-09-21 __init__.py[line:47] save file: hupu_page/hupu-13.html
2018-09-21 __init__.py[line:47] save file: hupu_page/hupu-14.html
2018-09-21 engine.py[line:238] Crawled (200) <GET https://bbs.hupu.com/bxj/highlights-18> (referer: None)
2018-09-21 engine.py[line:238] Crawled (200) <GET https://bbs.hupu.com/bxj/highlights-17> (referer: None)
2018-09-21 engine.py[line:238] Crawled (200) <GET https://bbs.hupu.com/bxj/highlights-15> (referer: None)
2018-09-21 engine.py[line:238] Crawled (200) <GET https://bbs.hupu.com/bxj/highlights-16> (referer: None)
2018-09-21 engine.py[line:238] Crawled (200) <GET https://bbs.hupu.com/bxj/highlights-19> (referer: None)
2018-09-21 __init__.py[line:47] save file: hupu_page/hupu-18.html
2018-09-21 engine.py[line:238] Crawled (200) <GET https://bbs.hupu.com/bxj/highlights-21> (referer: None)
2018-09-21 engine.py[line:238] Crawled (200) <GET https://bbs.hupu.com/bxj/highlights-22> (referer: None)
2018-09-21 engine.py[line:238] Crawled (200) <GET https://bbs.hupu.com/bxj/highlights-20> (referer: None)
2018-09-21 __init__.py[line:47] save file: hupu_page/hupu-17.html
2018-09-21 __init__.py[line:47] save file: hupu_page/hupu-15.html
2018-09-21 __init__.py[line:47] save file: hupu_page/hupu-16.html
2018-09-21 __init__.py[line:47] save file: hupu_page/hupu-19.html
2018-09-21 __init__.py[line:47] save file: hupu_page/hupu-21.html
2018-09-21 __init__.py[line:47] save file: hupu_page/hupu-22.html
2018-09-21 __init__.py[line:47] save file: hupu_page/hupu-20.html
2018-09-21 engine.py[line:238] Crawled (200) <GET https://bbs.hupu.com/bxj/highlights-23> (referer: None)
2018-09-21 engine.py[line:238] Crawled (200) <GET https://bbs.hupu.com/bxj/highlights-24> (referer: None)
2018-09-21 engine.py[line:238] Crawled (200) <GET https://bbs.hupu.com/bxj/highlights-25> (referer: None)
2018-09-21 __init__.py[line:47] save file: hupu_page/hupu-23.html
2018-09-21 engine.py[line:238] Crawled (200) <GET https://bbs.hupu.com/bxj/highlights-27> (referer: None)
2018-09-21 __init__.py[line:47] save file: hupu_page/hupu-24.html
2018-09-21 __init__.py[line:47] save file: hupu_page/hupu-25.html
2018-09-21 engine.py[line:238] Crawled (200) <GET https://bbs.hupu.com/bxj/highlights-28> (referer: None)
2018-09-21 engine.py[line:238] Crawled (200) <GET https://bbs.hupu.com/bxj/highlights-26> (referer: None)
2018-09-21 __init__.py[line:47] save file: hupu_page/hupu-27.html
2018-09-21 __init__.py[line:47] save file: hupu_page/hupu-28.html
2018-09-21 __init__.py[line:47] save file: hupu_page/hupu-26.html
2018-09-21 engine.py[line:238] Crawled (200) <GET https://bbs.hupu.com/bxj/highlights-31> (referer: None)
2018-09-21 engine.py[line:238] Crawled (200) <GET https://bbs.hupu.com/bxj/highlights-30> (referer: None)
2018-09-21 engine.py[line:238] Crawled (200) <GET https://bbs.hupu.com/bxj/highlights-32> (referer: None)
2018-09-21 engine.py[line:238] Crawled (200) <GET https://bbs.hupu.com/bxj/highlights-29> (referer: None)
2018-09-21 __init__.py[line:47] save file: hupu_page/hupu-31.html
2018-09-21 __init__.py[line:47] save file: hupu_page/hupu-30.html
2018-09-21 __init__.py[line:47] save file: hupu_page/hupu-32.html
2018-09-21 __init__.py[line:47] save file: hupu_page/hupu-29.html
2018-09-21 engine.py[line:238] Crawled (200) <GET https://bbs.hupu.com/bxj/highlights-34> (referer: None)
2018-09-21 engine.py[line:238] Crawled (200) <GET https://bbs.hupu.com/bxj/highlights-36> (referer: None)
2018-09-21 engine.py[line:238] Crawled (200) <GET https://bbs.hupu.com/bxj/highlights-33> (referer: None)
2018-09-21 __init__.py[line:47] save file: hupu_page/hupu-34.html
2018-09-21 __init__.py[line:47] save file: hupu_page/hupu-36.html
2018-09-21 __init__.py[line:47] save file: hupu_page/hupu-33.html
2018-09-21 engine.py[line:238] Crawled (200) <GET https://bbs.hupu.com/bxj/highlights-38> (referer: None)
2018-09-21 engine.py[line:238] Crawled (200) <GET https://bbs.hupu.com/bxj/highlights-37> (referer: None)
2018-09-21 engine.py[line:238] Crawled (200) <GET https://bbs.hupu.com/bxj/highlights-35> (referer: None)
2018-09-21 engine.py[line:238] Crawled (200) <GET https://bbs.hupu.com/bxj/highlights-39> (referer: None)
2018-09-21 __init__.py[line:47] save file: hupu_page/hupu-38.html
2018-09-21 engine.py[line:238] Crawled (200) <GET https://bbs.hupu.com/bxj/highlights-40> (referer: None)
2018-09-21 __init__.py[line:47] save file: hupu_page/hupu-37.html
2018-09-21 __init__.py[line:47] save file: hupu_page/hupu-35.html
2018-09-21 engine.py[line:238] Crawled (200) <GET https://bbs.hupu.com/bxj/highlights-41> (referer: None)
2018-09-21 __init__.py[line:47] save file: hupu_page/hupu-39.html
2018-09-21 engine.py[line:238] Crawled (200) <GET https://bbs.hupu.com/bxj/highlights-43> (referer: None)
2018-09-21 __init__.py[line:47] save file: hupu_page/hupu-40.html
2018-09-21 engine.py[line:238] Crawled (200) <GET https://bbs.hupu.com/bxj/highlights-42> (referer: None)
2018-09-21 __init__.py[line:47] save file: hupu_page/hupu-41.html
2018-09-21 __init__.py[line:47] save file: hupu_page/hupu-43.html
2018-09-21 engine.py[line:238] Crawled (200) <GET https://bbs.hupu.com/bxj/highlights-45> (referer: None)
2018-09-21 __init__.py[line:47] save file: hupu_page/hupu-42.html
2018-09-21 __init__.py[line:47] save file: hupu_page/hupu-45.html
2018-09-21 engine.py[line:238] Crawled (200) <GET https://bbs.hupu.com/bxj/highlights-49> (referer: None)
2018-09-21 engine.py[line:238] Crawled (200) <GET https://bbs.hupu.com/bxj/highlights-46> (referer: None)
2018-09-21 engine.py[line:238] Crawled (200) <GET https://bbs.hupu.com/bxj/highlights-50> (referer: None)
2018-09-21 __init__.py[line:47] save file: hupu_page/hupu-49.html
2018-09-21 engine.py[line:238] Crawled (200) <GET https://bbs.hupu.com/bxj/highlights-51> (referer: None)
2018-09-21 __init__.py[line:47] save file: hupu_page/hupu-46.html
2018-09-21 __init__.py[line:47] save file: hupu_page/hupu-50.html
2018-09-21 __init__.py[line:47] save file: hupu_page/hupu-51.html
2018-09-21 engine.py[line:238] Crawled (200) <GET https://bbs.hupu.com/bxj/highlights-44> (referer: None)
2018-09-21 engine.py[line:238] Crawled (200) <GET https://bbs.hupu.com/bxj/highlights-47> (referer: None)
2018-09-21 __init__.py[line:47] save file: hupu_page/hupu-44.html
2018-09-21 engine.py[line:238] Crawled (200) <GET https://bbs.hupu.com/bxj/highlights-52> (referer: None)
2018-09-21 __init__.py[line:47] save file: hupu_page/hupu-47.html
2018-09-21 engine.py[line:238] Crawled (200) <GET https://bbs.hupu.com/bxj/highlights-54> (referer: None)
2018-09-21 engine.py[line:238] Crawled (200) <GET https://bbs.hupu.com/bxj/highlights-56> (referer: None)
2018-09-21 __init__.py[line:47] save file: hupu_page/hupu-52.html
2018-09-21 __init__.py[line:47] save file: hupu_page/hupu-54.html
2018-09-21 __init__.py[line:47] save file: hupu_page/hupu-56.html
2018-09-21 engine.py[line:238] Crawled (200) <GET https://bbs.hupu.com/bxj/highlights-58> (referer: None)
2018-09-21 engine.py[line:238] Crawled (200) <GET https://bbs.hupu.com/bxj/highlights-55> (referer: None)
2018-09-21 __init__.py[line:47] save file: hupu_page/hupu-58.html
2018-09-21 __init__.py[line:47] save file: hupu_page/hupu-55.html
2018-09-21 engine.py[line:238] Crawled (200) <GET https://bbs.hupu.com/bxj/highlights-61> (referer: None)
2018-09-21 __init__.py[line:47] save file: hupu_page/hupu-61.html
2018-09-21 engine.py[line:238] Crawled (200) <GET https://bbs.hupu.com/bxj/highlights-53> (referer: None)
2018-09-21 engine.py[line:238] Crawled (200) <GET https://bbs.hupu.com/bxj/highlights-63> (referer: None)
2018-09-21 engine.py[line:238] Crawled (200) <GET https://bbs.hupu.com/bxj/highlights-59> (referer: None)
2018-09-21 __init__.py[line:47] save file: hupu_page/hupu-53.html
2018-09-21 engine.py[line:238] Crawled (200) <GET https://bbs.hupu.com/bxj/highlights-48> (referer: None)
2018-09-21 __init__.py[line:47] save file: hupu_page/hupu-63.html
2018-09-21 __init__.py[line:47] save file: hupu_page/hupu-59.html
2018-09-21 engine.py[line:238] Crawled (200) <GET https://bbs.hupu.com/bxj/highlights-64> (referer: None)
2018-09-21 __init__.py[line:47] save file: hupu_page/hupu-48.html
2018-09-21 engine.py[line:238] Crawled (200) <GET https://bbs.hupu.com/bxj/highlights-62> (referer: None)
2018-09-21 __init__.py[line:47] save file: hupu_page/hupu-64.html
2018-09-21 engine.py[line:238] Crawled (200) <GET https://bbs.hupu.com/bxj/highlights-60> (referer: None)
2018-09-21 engine.py[line:238] Crawled (200) <GET https://bbs.hupu.com/bxj/highlights-65> (referer: None)
2018-09-21 engine.py[line:238] Crawled (200) <GET https://bbs.hupu.com/bxj/highlights-67> (referer: None)
2018-09-21 __init__.py[line:47] save file: hupu_page/hupu-62.html
2018-09-21 __init__.py[line:47] save file: hupu_page/hupu-60.html
2018-09-21 engine.py[line:238] Crawled (200) <GET https://bbs.hupu.com/bxj/highlights-66> (referer: None)
2018-09-21 __init__.py[line:47] save file: hupu_page/hupu-65.html
2018-09-21 __init__.py[line:47] save file: hupu_page/hupu-67.html
2018-09-21 __init__.py[line:47] save file: hupu_page/hupu-66.html
2018-09-21 engine.py[line:238] Crawled (200) <GET https://bbs.hupu.com/bxj/highlights-57> (referer: None)
2018-09-21 __init__.py[line:47] save file: hupu_page/hupu-57.html
2018-09-21 engine.py[line:238] Crawled (200) <GET https://bbs.hupu.com/bxj/highlights-71> (referer: None)
2018-09-21 engine.py[line:238] Crawled (200) <GET https://bbs.hupu.com/bxj/highlights-68> (referer: None)
2018-09-21 engine.py[line:238] Crawled (200) <GET https://bbs.hupu.com/bxj/highlights-69> (referer: None)
2018-09-21 __init__.py[line:47] save file: hupu_page/hupu-71.html
2018-09-21 __init__.py[line:47] save file: hupu_page/hupu-68.html
2018-09-21 __init__.py[line:47] save file: hupu_page/hupu-69.html
2018-09-21 engine.py[line:238] Crawled (200) <GET https://bbs.hupu.com/bxj/highlights-72> (referer: None)
2018-09-21 engine.py[line:238] Crawled (200) <GET https://bbs.hupu.com/bxj/highlights-73> (referer: None)
2018-09-21 engine.py[line:238] Crawled (200) <GET https://bbs.hupu.com/bxj/highlights-75> (referer: None)
2018-09-21 engine.py[line:238] Crawled (200) <GET https://bbs.hupu.com/bxj/highlights-74> (referer: None)
2018-09-21 engine.py[line:238] Crawled (200) <GET https://bbs.hupu.com/bxj/highlights-70> (referer: None)
2018-09-21 __init__.py[line:47] save file: hupu_page/hupu-72.html
2018-09-21 __init__.py[line:47] save file: hupu_page/hupu-73.html
2018-09-21 __init__.py[line:47] save file: hupu_page/hupu-75.html
2018-09-21 __init__.py[line:47] save file: hupu_page/hupu-74.html
2018-09-21 __init__.py[line:47] save file: hupu_page/hupu-70.html
2018-09-21 engine.py[line:238] Crawled (200) <GET https://bbs.hupu.com/bxj/highlights-78> (referer: None)
2018-09-21 engine.py[line:238] Crawled (200) <GET https://bbs.hupu.com/bxj/highlights-77> (referer: None)
2018-09-21 engine.py[line:238] Crawled (200) <GET https://bbs.hupu.com/bxj/highlights-76> (referer: None)
2018-09-21 engine.py[line:238] Crawled (200) <GET https://bbs.hupu.com/bxj/highlights-79> (referer: None)
2018-09-21 __init__.py[line:47] save file: hupu_page/hupu-78.html
2018-09-21 __init__.py[line:47] save file: hupu_page/hupu-77.html
2018-09-21 __init__.py[line:47] save file: hupu_page/hupu-76.html
2018-09-21 engine.py[line:238] Crawled (200) <GET https://bbs.hupu.com/bxj/highlights-80> (referer: None)
2018-09-21 __init__.py[line:47] save file: hupu_page/hupu-79.html
2018-09-21 engine.py[line:238] Crawled (200) <GET https://bbs.hupu.com/bxj/highlights-81> (referer: None)
2018-09-21 engine.py[line:238] Crawled (200) <GET https://bbs.hupu.com/bxj/highlights-82> (referer: None)
2018-09-21 engine.py[line:238] Crawled (200) <GET https://bbs.hupu.com/bxj/highlights-83> (referer: None)
2018-09-21 __init__.py[line:47] save file: hupu_page/hupu-80.html
2018-09-21 __init__.py[line:47] save file: hupu_page/hupu-81.html
2018-09-21 __init__.py[line:47] save file: hupu_page/hupu-82.html
2018-09-21 engine.py[line:238] Crawled (200) <GET https://bbs.hupu.com/bxj/highlights-84> (referer: None)
2018-09-21 __init__.py[line:47] save file: hupu_page/hupu-83.html
2018-09-21 engine.py[line:238] Crawled (200) <GET https://bbs.hupu.com/bxj/highlights-85> (referer: None)
2018-09-21 engine.py[line:238] Crawled (200) <GET https://bbs.hupu.com/bxj/highlights-87> (referer: None)
2018-09-21 engine.py[line:238] Crawled (200) <GET https://bbs.hupu.com/bxj/highlights-86> (referer: None)
2018-09-21 __init__.py[line:47] save file: hupu_page/hupu-84.html
2018-09-21 engine.py[line:238] Crawled (200) <GET https://bbs.hupu.com/bxj/highlights-88> (referer: None)
2018-09-21 __init__.py[line:47] save file: hupu_page/hupu-85.html
2018-09-21 __init__.py[line:47] save file: hupu_page/hupu-87.html
2018-09-21 __init__.py[line:47] save file: hupu_page/hupu-86.html
2018-09-21 __init__.py[line:47] save file: hupu_page/hupu-88.html
2018-09-21 engine.py[line:238] Crawled (200) <GET https://bbs.hupu.com/bxj/highlights-92> (referer: None)
2018-09-21 engine.py[line:238] Crawled (200) <GET https://bbs.hupu.com/bxj/highlights-93> (referer: None)
2018-09-21 engine.py[line:238] Crawled (200) <GET https://bbs.hupu.com/bxj/highlights-91> (referer: None)
2018-09-21 engine.py[line:238] Crawled (200) <GET https://bbs.hupu.com/bxj/highlights-94> (referer: None)
2018-09-21 __init__.py[line:47] save file: hupu_page/hupu-92.html
2018-09-21 __init__.py[line:47] save file: hupu_page/hupu-93.html
2018-09-21 engine.py[line:238] Crawled (200) <GET https://bbs.hupu.com/bxj/highlights-89> (referer: None)
2018-09-21 engine.py[line:238] Crawled (200) <GET https://bbs.hupu.com/bxj/highlights-90> (referer: None)
2018-09-21 engine.py[line:238] Crawled (200) <GET https://bbs.hupu.com/bxj/highlights-96> (referer: None)
2018-09-21 engine.py[line:238] Crawled (200) <GET https://bbs.hupu.com/bxj/highlights-95> (referer: None)
2018-09-21 __init__.py[line:47] save file: hupu_page/hupu-91.html
2018-09-21 __init__.py[line:47] save file: hupu_page/hupu-94.html
2018-09-21 __init__.py[line:47] save file: hupu_page/hupu-89.html
2018-09-21 __init__.py[line:47] save file: hupu_page/hupu-90.html
2018-09-21 __init__.py[line:47] save file: hupu_page/hupu-96.html
2018-09-21 __init__.py[line:47] save file: hupu_page/hupu-95.html
2018-09-21 engine.py[line:238] Crawled (200) <GET https://bbs.hupu.com/bxj/highlights-100> (referer: None)
2018-09-21 engine.py[line:238] Crawled (200) <GET https://bbs.hupu.com/bxj/highlights-97> (referer: None)
2018-09-21 __init__.py[line:47] save file: hupu_page/hupu-100.html
2018-09-21 __init__.py[line:47] save file: hupu_page/hupu-97.html
2018-09-21 engine.py[line:238] Crawled (200) <GET https://bbs.hupu.com/bxj/highlights-99> (referer: None)
2018-09-21 engine.py[line:238] Crawled (200) <GET https://bbs.hupu.com/bxj/highlights-98> (referer: None)
2018-09-21 __init__.py[line:47] save file: hupu_page/hupu-99.html
2018-09-21 __init__.py[line:47] save file: hupu_page/hupu-98.html
2018-09-21 engine.py[line:295] Closing spider (finished)
2018-09-21 statscollectors.py[line:47] Dumping Scrapy stats:
{'downloader/request_bytes': 23013,
 'downloader/request_count': 101,
 'downloader/request_method_count/GET': 101,
 'downloader/response_bytes': 1285519,
 'downloader/response_count': 101,
 'downloader/response_status_count/200': 101,
 'finish_reason': 'finished',
 'finish_time': datetime.datetime(2018, 9, 21, 6, 31, 39, 547372),
 'log_count/DEBUG': 202,
 'log_count/INFO': 7,
 'memusage/max': 1239076864,
 'memusage/startup': 1239076864,
 'response_received_count': 101,
 'scheduler/dequeued': 100,
 'scheduler/dequeued/memory': 100,
 'scheduler/enqueued': 100,
 'scheduler/enqueued/memory': 100,
 'start_time': datetime.datetime(2018, 9, 21, 6, 31, 31, 787658)}
2018-09-21 engine.py[line:326] Spider closed (finished)
