2018-09-29 bs4Test.py[line:27] 没办法，太靠近脑部了，打了疫苗也不一定管用。
2018-09-29 bs4Test.py[line:27] 这方面男生跟女生真的差的蛮远。女生会想，他每天请我吃饭看电影唱歌买衣服，屁大点事屁颠颠跑来跑去，他到底是不是喜欢我？男生会想，只要她没有明确对我说，滚，那就是喜欢我
2018-09-29 bs4Test.py[line:27] 一个公司挣钱最多的员工都没20万，对一个网络公司来说，有点扯淡了吧，你老板自己又拿多少呢？
2018-09-29 bs4Test.py[line:27] 再说第3条，黎明是1986年的歌唱比赛的季军，这个歌唱比赛是华星公司办的，华星一哥张国荣先生对黎明这么提携，为什么黎明加入了宝丽金公司？
2018-09-29 bs4Test.py[line:27] 刚刚到法定年龄就领证的，要么有孩子了，要么农村怕娶不到媳妇的。不然就是改年龄了。
2018-09-29 bs4Test.py[line:27] 屌小的不要老是问屌大的，有时候也要自己百度一下。
2018-09-29 bs4Test.py[line:27]  消失好一段时间了，跟范冰冰估计黄了
2018-09-29 bs4Test.py[line:27] 李晨:这回要紧的
2018-09-29 bs4Test.py[line:27] 悲壮鸡毛。她俩那是建立在残酷剥削广大劳动人民的基础之上，手段之狠毒连当时的奴隶主阶级都看不下去了才被推翻的
2018-09-29 bs4Test.py[line:27] 我浙江应该是大器晚成，85年上的榜，之后一直稳步上升
2018-09-29 bs4Test.py[line:27] 最垃圾的老板应该就是暴走漫画的老板这一类的吧，挣以后的钱？以后的大钱都是老板拿，毫无保障毫无信用。真的是垃圾老板跟你谈情怀。
2018-09-29 bs4Test.py[line:27] 弱弱的说一句，他好像说自己不爱国，没有辱国吧。
2018-09-29 bs4Test.py[line:27] 如果还想看明年的春节晚会!,我建议你立马去打针!
2018-09-29 bs4Test.py[line:27] 哟，你不说我还真不知道，，
2018-09-29 bs4Test.py[line:27] 众泰不仅皮尺部人才济济，现在连广告策划人才也冒头了，有钱途
2018-09-29 bs4Test.py[line:27] 你是没见过李晨那次来发帖，那一堆舔的那叫个带劲。
2018-09-29 bs4Test.py[line:27] 空姐这大脑门会发光
2018-09-29 bs4Test.py[line:27] 我们让了？让也是自己胜券在握的时候再让吧？自身难保了，还让？
2018-09-29 bs4Test.py[line:27] 相当于背6个女生了。 只有张伯伦能背得动吧？
2018-09-29 bs4Test.py[line:27] 是不是很秀
